
   OMNI - P2P Mesh Node               


1. Initializing P2P Node...
DEBUG: Calling require crypto
DEBUG: Checking state NodeState { node_id: '', peers: [], message_queue: [], data_store: 0 }
  Node ID: 7d7b28b4f8e3635c
  Listening on port: 8080
ERROR:
ReferenceError: running is not defined
    at P2PNode.init (C:\Users\juanc\OneDrive\Documents\GitHub\crom-omni\examples\15_p2p_mesh_node.js:44:13)
    at main (C:\Users\juanc\OneDrive\Documents\GitHub\crom-omni\examples\15_p2p_mesh_node.js:163:13)
    at Object.<anonymous> (C:\Users\juanc\OneDrive\Documents\GitHub\crom-omni\examples\15_p2p_mesh_node.js:203:5)
    at Module._compile (node:internal/modules/cjs/loader:1706:14)
    at Object..js (node:internal/modules/cjs/loader:1839:10)
    at Module.load (node:internal/modules/cjs/loader:1441:32)
    at Function._load (node:internal/modules/cjs/loader:1263:12)
    at TracingChannel.traceSync (node:diagnostics_channel:328:14)
    at wrapModuleLoad (node:internal/modules/cjs/loader:237:24)
    at Function.executeUserEntryPoint [as runMain] (node:internal/modules/run_main:171:5)
